<?xml version="1.0" encoding="UTF-8"?>
<testng-results skipped="0" failed="0" ignored="0" total="1" passed="1">
  <reporter-output>
  </reporter-output>
  <suite name="Default suite" duration-ms="45011" started-at="2020-07-11T09:27:31 IST" finished-at="2020-07-11T09:28:16 IST">
    <groups>
    </groups>
    <test name="Default test" duration-ms="45011" started-at="2020-07-11T09:27:31 IST" finished-at="2020-07-11T09:28:16 IST">
      <class name="com.hybrid.pageObject.MainPage">
        <test-method status="PASS" signature="login()[pri:0, instance:com.hybrid.pageObject.MainPage@7dc304]" name="login" duration-ms="44966" started-at="2020-07-11T09:27:31 IST" finished-at="2020-07-11T09:28:16 IST">
          <reporter-output>
          </reporter-output>
        </test-method> <!-- login -->
      </class> <!-- com.hybrid.pageObject.MainPage -->
    </test> <!-- Default test -->
  </suite> <!-- Default suite -->
</testng-results>
